[0514/144213.105:INFO:CONSOLE(3730)] "LegacyDataMixin will be applied to all legacy elements.
Set `_legacyUndefinedCheck: true` on element class to enable.", source: https://www.youtube.com/s/desktop/8035fa95/jsbin/desktop_polymer_legacy_browsers.vflset/desktop_polymer_legacy_browsers.js (3730)
[0514/144239.422:ERROR:cache_util_win.cc(20)] Unable to move the cache: Access is denied. (0x5)
[0514/144239.422:ERROR:cache_util.cc(144)] Unable to move cache folder D:\An Huy\My Project Offline\YTB comunity\User Data\Default\GPUCache to D:\An Huy\My Project Offline\YTB comunity\User Data\Default\old_GPUCache_000
[0514/144239.422:ERROR:disk_cache.cc(184)] Unable to create cache
[0514/144239.423:ERROR:shader_disk_cache.cc(606)] Shader Cache Creation failed: -2
[0514/144242.417:INFO:CONSOLE(3730)] "LegacyDataMixin will be applied to all legacy elements.
Set `_legacyUndefinedCheck: true` on element class to enable.", source: https://www.youtube.com/s/desktop/8035fa95/jsbin/desktop_polymer_legacy_browsers.vflset/desktop_polymer_legacy_browsers.js (3730)
[0514/144242.429:ERROR:service_worker_storage.cc(1895)] Failed to delete the database: Database IO error
[0514/144253.489:ERROR:database.cc(1707)] Quota sqlite error 5, errno 33: database is locked, sql: UPDATE OriginInfoTable SET last_modified_time = ? WHERE origin = ? AND type = ?
[0514/144253.714:ERROR:leveldb_factory.cc(91)] Failed to open LevelDB database from D:\An Huy\My Project Offline\YTB comunity\User Data\Default\IndexedDB\https_www.youtube.com_0.indexeddb.leveldb,IO error: D:\An Huy\My Project Offline\YTB comunity\User Data\Default\IndexedDB\https_www.youtube.com_0.indexeddb.leveldb/LOCK: File currently in use. (ChromeMethodBFE: 15::LockFile::2)
[0514/144255.727:ERROR:leveldb_factory.cc(91)] Failed to open LevelDB database from D:\An Huy\My Project Offline\YTB comunity\User Data\Default\IndexedDB\https_www.youtube.com_0.indexeddb.leveldb,IO error: D:\An Huy\My Project Offline\YTB comunity\User Data\Default\IndexedDB\https_www.youtube.com_0.indexeddb.leveldb/LOCK: File currently in use. (ChromeMethodBFE: 15::LockFile::2)
[0514/144257.733:ERROR:leveldb_factory.cc(91)] Failed to open LevelDB database from D:\An Huy\My Project Offline\YTB comunity\User Data\Default\IndexedDB\https_www.youtube.com_0.indexeddb.leveldb,IO error: D:\An Huy\My Project Offline\YTB comunity\User Data\Default\IndexedDB\https_www.youtube.com_0.indexeddb.leveldb/LOCK: File currently in use. (ChromeMethodBFE: 15::LockFile::2)
[0514/144259.756:ERROR:leveldb_factory.cc(91)] Failed to open LevelDB database from D:\An Huy\My Project Offline\YTB comunity\User Data\Default\IndexedDB\https_www.youtube.com_0.indexeddb.leveldb,IO error: D:\An Huy\My Project Offline\YTB comunity\User Data\Default\IndexedDB\https_www.youtube.com_0.indexeddb.leveldb/LOCK: File currently in use. (ChromeMethodBFE: 15::LockFile::2)
[0514/144304.480:ERROR:database.cc(1707)] Quota sqlite error 5, errno 33: database is locked, sql: COMMIT
[0514/144309.131:ERROR:cache_util_win.cc(20)] Unable to move the cache: Access is denied. (0x5)
[0514/144309.131:ERROR:cache_util.cc(144)] Unable to move cache folder D:\An Huy\My Project Offline\YTB comunity\User Data\Default\GPUCache to D:\An Huy\My Project Offline\YTB comunity\User Data\Default\old_GPUCache_000
[0514/144309.132:ERROR:disk_cache.cc(184)] Unable to create cache
[0514/144309.132:ERROR:shader_disk_cache.cc(606)] Shader Cache Creation failed: -2
[0514/144312.139:ERROR:service_worker_storage.cc(1895)] Failed to delete the database: Database IO error
[0514/144312.324:INFO:CONSOLE(3730)] "LegacyDataMixin will be applied to all legacy elements.
Set `_legacyUndefinedCheck: true` on element class to enable.", source: https://www.youtube.com/s/desktop/8035fa95/jsbin/desktop_polymer_legacy_browsers.vflset/desktop_polymer_legacy_browsers.js (3730)
[0514/144323.410:ERROR:leveldb_factory.cc(91)] Failed to open LevelDB database from D:\An Huy\My Project Offline\YTB comunity\User Data\Default\IndexedDB\https_www.youtube.com_0.indexeddb.leveldb,IO error: D:\An Huy\My Project Offline\YTB comunity\User Data\Default\IndexedDB\https_www.youtube.com_0.indexeddb.leveldb/LOCK: File currently in use. (ChromeMethodBFE: 15::LockFile::2)
[0514/144325.414:ERROR:leveldb_factory.cc(91)] Failed to open LevelDB database from D:\An Huy\My Project Offline\YTB comunity\User Data\Default\IndexedDB\https_www.youtube.com_0.indexeddb.leveldb,IO error: D:\An Huy\My Project Offline\YTB comunity\User Data\Default\IndexedDB\https_www.youtube.com_0.indexeddb.leveldb/LOCK: File currently in use. (ChromeMethodBFE: 15::LockFile::2)
[0514/144327.420:ERROR:leveldb_factory.cc(91)] Failed to open LevelDB database from D:\An Huy\My Project Offline\YTB comunity\User Data\Default\IndexedDB\https_www.youtube.com_0.indexeddb.leveldb,IO error: D:\An Huy\My Project Offline\YTB comunity\User Data\Default\IndexedDB\https_www.youtube.com_0.indexeddb.leveldb/LOCK: File currently in use. (ChromeMethodBFE: 15::LockFile::2)
[0514/144329.425:ERROR:leveldb_factory.cc(91)] Failed to open LevelDB database from D:\An Huy\My Project Offline\YTB comunity\User Data\Default\IndexedDB\https_www.youtube.com_0.indexeddb.leveldb,IO error: D:\An Huy\My Project Offline\YTB comunity\User Data\Default\IndexedDB\https_www.youtube.com_0.indexeddb.leveldb/LOCK: File currently in use. (ChromeMethodBFE: 15::LockFile::2)
[0514/144334.589:ERROR:database.cc(1707)] Quota sqlite error 5, errno 33: database is locked, sql: COMMIT
[0514/172826.929:WARNING:dns_config_service_win.cc(712)] Failed to read DnsConfig.
[0514/185540.707:WARNING:dns_config_service_win.cc(712)] Failed to read DnsConfig.
